<?xml version="1.0" encoding="UTF-8"?>
<coverage generated="1485364502">
  <project timestamp="1485364502">
    <package name="Auction\Models">
      <file name="/home/wendell_adriel/studies/phpunit_training/third_day/app/models/Auction.php">
        <class name="Auction" namespace="Auction\Models">
          <metrics complexity="17" methods="11" coveredmethods="11" conditionals="0" coveredconditionals="0" statements="32" coveredstatements="32" elements="43" coveredelements="43"/>
        </class>
        <line num="39" type="method" name="__construct" visibility="public" complexity="1" crap="1" count="11"/>
        <line num="41" type="stmt" count="11"/>
        <line num="42" type="stmt" count="11"/>
        <line num="43" type="stmt" count="11"/>
        <line num="44" type="stmt" count="11"/>
        <line num="45" type="stmt" count="11"/>
        <line num="46" type="stmt" count="11"/>
        <line num="47" type="stmt" count="11"/>
        <line num="52" type="method" name="getDescription" visibility="public" complexity="1" crap="1" count="1"/>
        <line num="54" type="stmt" count="1"/>
        <line num="60" type="method" name="getStartDate" visibility="public" complexity="1" crap="1" count="1"/>
        <line num="62" type="stmt" count="1"/>
        <line num="68" type="method" name="getEndDate" visibility="public" complexity="1" crap="1" count="1"/>
        <line num="70" type="stmt" count="1"/>
        <line num="76" type="method" name="getSeller" visibility="public" complexity="1" crap="1" count="5"/>
        <line num="78" type="stmt" count="5"/>
        <line num="84" type="method" name="getStartingPrice" visibility="public" complexity="1" crap="1" count="6"/>
        <line num="86" type="stmt" count="6"/>
        <line num="92" type="method" name="getBids" visibility="public" complexity="1" crap="1" count="6"/>
        <line num="94" type="stmt" count="6"/>
        <line num="104" type="method" name="addBid" visibility="public" complexity="2" crap="2" count="5"/>
        <line num="106" type="stmt" count="5"/>
        <line num="107" type="stmt" count="3"/>
        <line num="108" type="stmt" count="3"/>
        <line num="111" type="stmt" count="3"/>
        <line num="120" type="method" name="isValid" visibility="private" complexity="2" crap="2" count="5"/>
        <line num="123" type="stmt" count="5"/>
        <line num="124" type="stmt" count="4"/>
        <line num="125" type="stmt" count="3"/>
        <line num="126" type="stmt" count="3"/>
        <line num="129" type="stmt" count="3"/>
        <line num="138" type="method" name="validateBidPrice" visibility="private" complexity="4" crap="4" count="5"/>
        <line num="140" type="stmt" count="5"/>
        <line num="141" type="stmt" count="5"/>
        <line num="142" type="stmt" count="1"/>
        <line num="144" type="stmt" count="4"/>
        <line num="147" type="stmt" count="2"/>
        <line num="148" type="stmt" count="1"/>
        <line num="150" type="stmt" count="1"/>
        <line num="158" type="method" name="validateBidUser" visibility="private" complexity="2" crap="2" count="4"/>
        <line num="160" type="stmt" count="4"/>
        <line num="161" type="stmt" count="1"/>
        <line num="163" type="stmt" count="3"/>
        <metrics loc="163" ncloc="106" classes="1" methods="11" coveredmethods="11" conditionals="0" coveredconditionals="0" statements="32" coveredstatements="32" elements="43" coveredelements="43"/>
      </file>
      <file name="/home/wendell_adriel/studies/phpunit_training/third_day/app/models/Bid.php">
        <class name="Bid" namespace="Auction\Models">
          <metrics complexity="4" methods="4" coveredmethods="4" conditionals="0" coveredconditionals="0" statements="6" coveredstatements="6" elements="10" coveredelements="10"/>
        </class>
        <line num="27" type="method" name="__construct" visibility="public" complexity="1" crap="1" count="7"/>
        <line num="29" type="stmt" count="7"/>
        <line num="30" type="stmt" count="7"/>
        <line num="31" type="stmt" count="7"/>
        <line num="36" type="method" name="getUser" visibility="public" complexity="1" crap="1" count="5"/>
        <line num="38" type="stmt" count="5"/>
        <line num="44" type="method" name="getBidPrice" visibility="public" complexity="1" crap="1" count="5"/>
        <line num="46" type="stmt" count="5"/>
        <line num="52" type="method" name="getPrice" visibility="public" complexity="1" crap="1" count="1"/>
        <line num="54" type="stmt" count="1"/>
        <metrics loc="55" ncloc="33" classes="1" methods="4" coveredmethods="4" conditionals="0" coveredconditionals="0" statements="6" coveredstatements="6" elements="10" coveredelements="10"/>
      </file>
      <file name="/home/wendell_adriel/studies/phpunit_training/third_day/app/models/User.php">
        <class name="User" namespace="Auction\Models">
          <metrics complexity="5" methods="4" coveredmethods="4" conditionals="0" coveredconditionals="0" statements="8" coveredstatements="8" elements="12" coveredelements="12"/>
        </class>
        <line num="22" type="method" name="__construct" visibility="public" complexity="1" crap="1" count="17"/>
        <line num="24" type="stmt" count="17"/>
        <line num="25" type="stmt" count="17"/>
        <line num="26" type="stmt" count="17"/>
        <line num="31" type="method" name="getName" visibility="public" complexity="1" crap="1" count="1"/>
        <line num="33" type="stmt" count="1"/>
        <line num="39" type="method" name="getEmail" visibility="public" complexity="1" crap="1" count="3"/>
        <line num="41" type="stmt" count="3"/>
        <line num="48" type="method" name="isEmailUnique" visibility="public" complexity="2" crap="2" count="2"/>
        <line num="50" type="stmt" count="2"/>
        <line num="51" type="stmt" count="1"/>
        <line num="53" type="stmt" count="1"/>
        <metrics loc="55" ncloc="38" classes="1" methods="4" coveredmethods="4" conditionals="0" coveredconditionals="0" statements="8" coveredstatements="8" elements="12" coveredelements="12"/>
      </file>
    </package>
    <package name="Auction\ValueObjects">
      <file name="/home/wendell_adriel/studies/phpunit_training/third_day/app/value_objects/Description.php">
        <class name="Description" namespace="Auction\ValueObjects">
          <metrics complexity="5" methods="3" coveredmethods="3" conditionals="0" coveredconditionals="0" statements="8" coveredstatements="8" elements="11" coveredelements="11"/>
        </class>
        <line num="17" type="method" name="__construct" visibility="public" complexity="2" crap="2" count="13"/>
        <line num="19" type="stmt" count="13"/>
        <line num="20" type="stmt" count="12"/>
        <line num="21" type="stmt" count="12"/>
        <line num="23" type="stmt" count="1"/>
        <line num="30" type="method" name="isValid" visibility="private" complexity="2" crap="2" count="13"/>
        <line num="32" type="stmt" count="13"/>
        <line num="33" type="stmt" count="1"/>
        <line num="35" type="stmt" count="12"/>
        <line num="41" type="method" name="__toString" visibility="public" complexity="1" crap="1" count="2"/>
        <line num="43" type="stmt" count="2"/>
        <metrics loc="44" ncloc="32" classes="1" methods="3" coveredmethods="3" conditionals="0" coveredconditionals="0" statements="8" coveredstatements="8" elements="11" coveredelements="11"/>
      </file>
      <file name="/home/wendell_adriel/studies/phpunit_training/third_day/app/value_objects/Email.php">
        <class name="Email" namespace="Auction\ValueObjects">
          <metrics complexity="5" methods="3" coveredmethods="3" conditionals="0" coveredconditionals="0" statements="8" coveredstatements="8" elements="11" coveredelements="11"/>
        </class>
        <line num="14" type="method" name="__construct" visibility="public" complexity="2" crap="2" count="19"/>
        <line num="16" type="stmt" count="19"/>
        <line num="17" type="stmt" count="18"/>
        <line num="18" type="stmt" count="18"/>
        <line num="20" type="stmt" count="1"/>
        <line num="27" type="method" name="isValid" visibility="private" complexity="2" crap="2" count="19"/>
        <line num="29" type="stmt" count="19"/>
        <line num="30" type="stmt" count="1"/>
        <line num="32" type="stmt" count="18"/>
        <line num="38" type="method" name="__toString" visibility="public" complexity="1" crap="1" count="4"/>
        <line num="40" type="stmt" count="4"/>
        <metrics loc="41" ncloc="29" classes="1" methods="3" coveredmethods="3" conditionals="0" coveredconditionals="0" statements="8" coveredstatements="8" elements="11" coveredelements="11"/>
      </file>
      <file name="/home/wendell_adriel/studies/phpunit_training/third_day/app/value_objects/Name.php">
        <class name="Name" namespace="Auction\ValueObjects">
          <metrics complexity="6" methods="3" coveredmethods="3" conditionals="0" coveredconditionals="0" statements="8" coveredstatements="8" elements="11" coveredelements="11"/>
        </class>
        <line num="17" type="method" name="__construct" visibility="public" complexity="2" crap="2" count="19"/>
        <line num="19" type="stmt" count="19"/>
        <line num="20" type="stmt" count="18"/>
        <line num="21" type="stmt" count="18"/>
        <line num="23" type="stmt" count="1"/>
        <line num="30" type="method" name="isValid" visibility="private" complexity="3" crap="3" count="19"/>
        <line num="32" type="stmt" count="19"/>
        <line num="33" type="stmt" count="1"/>
        <line num="36" type="stmt" count="18"/>
        <line num="42" type="method" name="__toString" visibility="public" complexity="1" crap="1" count="2"/>
        <line num="44" type="stmt" count="2"/>
        <metrics loc="45" ncloc="33" classes="1" methods="3" coveredmethods="3" conditionals="0" coveredconditionals="0" statements="8" coveredstatements="8" elements="11" coveredelements="11"/>
      </file>
      <file name="/home/wendell_adriel/studies/phpunit_training/third_day/app/value_objects/Price.php">
        <class name="Price" namespace="Auction\ValueObjects">
          <metrics complexity="5" methods="3" coveredmethods="3" conditionals="0" coveredconditionals="0" statements="8" coveredstatements="8" elements="11" coveredelements="11"/>
        </class>
        <line num="15" type="method" name="__construct" visibility="public" complexity="2" crap="2" count="15"/>
        <line num="17" type="stmt" count="15"/>
        <line num="18" type="stmt" count="14"/>
        <line num="19" type="stmt" count="14"/>
        <line num="21" type="stmt" count="1"/>
        <line num="28" type="method" name="isValid" visibility="private" complexity="2" crap="2" count="15"/>
        <line num="30" type="stmt" count="15"/>
        <line num="31" type="stmt" count="1"/>
        <line num="33" type="stmt" count="14"/>
        <line num="39" type="method" name="getPrice" visibility="public" complexity="1" crap="1" count="7"/>
        <line num="41" type="stmt" count="7"/>
        <metrics loc="42" ncloc="30" classes="1" methods="3" coveredmethods="3" conditionals="0" coveredconditionals="0" statements="8" coveredstatements="8" elements="11" coveredelements="11"/>
      </file>
    </package>
    <metrics files="7" loc="445" ncloc="301" classes="7" methods="31" coveredmethods="31" conditionals="0" coveredconditionals="0" statements="78" coveredstatements="78" elements="109" coveredelements="109"/>
  </project>
</coverage>
