<?xml version="1.0" encoding="UTF-8"?>
<testsuites>
  <testsuite name="" tests="25" assertions="25" failures="0" errors="0" time="0.017717">
    <testsuite name="AuctionTest" file="/home/wendell_adriel/studies/phpunit_training/third_day/tests/models/AuctionTest.php" tests="11" assertions="11" failures="0" errors="0" time="0.009958">
      <testcase name="hasDescription" class="AuctionTest" file="/home/wendell_adriel/studies/phpunit_training/third_day/tests/models/AuctionTest.php" line="32" assertions="1" time="0.002939"/>
      <testcase name="hasStartDate" class="AuctionTest" file="/home/wendell_adriel/studies/phpunit_training/third_day/tests/models/AuctionTest.php" line="40" assertions="1" time="0.000665"/>
      <testcase name="hasEndDate" class="AuctionTest" file="/home/wendell_adriel/studies/phpunit_training/third_day/tests/models/AuctionTest.php" line="48" assertions="1" time="0.000689"/>
      <testcase name="hasStartingPrice" class="AuctionTest" file="/home/wendell_adriel/studies/phpunit_training/third_day/tests/models/AuctionTest.php" line="56" assertions="1" time="0.000627"/>
      <testcase name="hasSeller" class="AuctionTest" file="/home/wendell_adriel/studies/phpunit_training/third_day/tests/models/AuctionTest.php" line="64" assertions="1" time="0.000630"/>
      <testcase name="isBidEmptyOnStart" class="AuctionTest" file="/home/wendell_adriel/studies/phpunit_training/third_day/tests/models/AuctionTest.php" line="72" assertions="1" time="0.000600"/>
      <testcase name="addValidBid" class="AuctionTest" file="/home/wendell_adriel/studies/phpunit_training/third_day/tests/models/AuctionTest.php" line="80" assertions="1" time="0.000707"/>
      <testcase name="throwsExceptionOnInvalidFirstBidPrice" class="AuctionTest" file="/home/wendell_adriel/studies/phpunit_training/third_day/tests/models/AuctionTest.php" line="94" assertions="1" time="0.000780"/>
      <testcase name="throwsExceptionOnLowerBidPrice" class="AuctionTest" file="/home/wendell_adriel/studies/phpunit_training/third_day/tests/models/AuctionTest.php" line="106" assertions="1" time="0.000806"/>
      <testcase name="addTwoValidBids" class="AuctionTest" file="/home/wendell_adriel/studies/phpunit_training/third_day/tests/models/AuctionTest.php" line="120" assertions="1" time="0.000769"/>
      <testcase name="throwsExceptionOnBidFromSeller" class="AuctionTest" file="/home/wendell_adriel/studies/phpunit_training/third_day/tests/models/AuctionTest.php" line="134" assertions="1" time="0.000746"/>
    </testsuite>
    <testsuite name="BidTest" file="/home/wendell_adriel/studies/phpunit_training/third_day/tests/models/BidTest.php" tests="2" assertions="2" failures="0" errors="0" time="0.001067">
      <testcase name="hasUser" class="BidTest" file="/home/wendell_adriel/studies/phpunit_training/third_day/tests/models/BidTest.php" line="27" assertions="1" time="0.000538"/>
      <testcase name="hasPrice" class="BidTest" file="/home/wendell_adriel/studies/phpunit_training/third_day/tests/models/BidTest.php" line="35" assertions="1" time="0.000529"/>
    </testsuite>
    <testsuite name="UserTest" file="/home/wendell_adriel/studies/phpunit_training/third_day/tests/models/UserTest.php" tests="4" assertions="4" failures="0" errors="0" time="0.002012">
      <testcase name="hasName" class="UserTest" file="/home/wendell_adriel/studies/phpunit_training/third_day/tests/models/UserTest.php" line="21" assertions="1" time="0.000490"/>
      <testcase name="hasEmail" class="UserTest" file="/home/wendell_adriel/studies/phpunit_training/third_day/tests/models/UserTest.php" line="29" assertions="1" time="0.000490"/>
      <testcase name="userHasUniqueEmail" class="UserTest" file="/home/wendell_adriel/studies/phpunit_training/third_day/tests/models/UserTest.php" line="37" assertions="1" time="0.000504"/>
      <testcase name="userHasNotUniqueEmail" class="UserTest" file="/home/wendell_adriel/studies/phpunit_training/third_day/tests/models/UserTest.php" line="46" assertions="1" time="0.000528"/>
    </testsuite>
    <testsuite name="DescriptionTest" file="/home/wendell_adriel/studies/phpunit_training/third_day/tests/value_objects/DescriptionTest.php" tests="2" assertions="2" failures="0" errors="0" time="0.001470">
      <testcase name="hasValidDescription" class="DescriptionTest" file="/home/wendell_adriel/studies/phpunit_training/third_day/tests/value_objects/DescriptionTest.php" line="11" assertions="1" time="0.000967"/>
      <testcase name="hasInvalidDescription" class="DescriptionTest" file="/home/wendell_adriel/studies/phpunit_training/third_day/tests/value_objects/DescriptionTest.php" line="20" assertions="1" time="0.000503"/>
    </testsuite>
    <testsuite name="EmailTest" file="/home/wendell_adriel/studies/phpunit_training/third_day/tests/value_objects/EmailTest.php" tests="2" assertions="2" failures="0" errors="0" time="0.001126">
      <testcase name="hasValidEmail" class="EmailTest" file="/home/wendell_adriel/studies/phpunit_training/third_day/tests/value_objects/EmailTest.php" line="11" assertions="1" time="0.000633"/>
      <testcase name="hasInvalidEmail" class="EmailTest" file="/home/wendell_adriel/studies/phpunit_training/third_day/tests/value_objects/EmailTest.php" line="20" assertions="1" time="0.000493"/>
    </testsuite>
    <testsuite name="NameTest" file="/home/wendell_adriel/studies/phpunit_training/third_day/tests/value_objects/NameTest.php" tests="2" assertions="2" failures="0" errors="0" time="0.001126">
      <testcase name="hasValidName" class="NameTest" file="/home/wendell_adriel/studies/phpunit_training/third_day/tests/value_objects/NameTest.php" line="11" assertions="1" time="0.000614"/>
      <testcase name="hasInvalidName" class="NameTest" file="/home/wendell_adriel/studies/phpunit_training/third_day/tests/value_objects/NameTest.php" line="20" assertions="1" time="0.000512"/>
    </testsuite>
    <testsuite name="PriceTest" file="/home/wendell_adriel/studies/phpunit_training/third_day/tests/value_objects/PriceTest.php" tests="2" assertions="2" failures="0" errors="0" time="0.000959">
      <testcase name="hasValidStartingPrice" class="PriceTest" file="/home/wendell_adriel/studies/phpunit_training/third_day/tests/value_objects/PriceTest.php" line="11" assertions="1" time="0.000442"/>
      <testcase name="hasInvalidStartingPrice" class="PriceTest" file="/home/wendell_adriel/studies/phpunit_training/third_day/tests/value_objects/PriceTest.php" line="20" assertions="1" time="0.000517"/>
    </testsuite>
  </testsuite>
</testsuites>
